<?xml version="1.0" encoding="UTF-8" ?>
<testsuite tests="13" failures="0" name="stepDefinition.TestRunner" time="0.013" errors="0" skipped="2">
  <properties>
[...]
</properties>
  <testcase classname="场景: 成功登陆" name="假如用户处于登陆页面(open_login_page)" time="0.001"/>
  <testcase classname="场景: 成功登陆" name="当用户正确填写用户和密码(input_proper_unAndPwd)" time="0"/>
  <testcase classname="场景: 成功登陆" name="那么页面跳转到商品管理系统首页(assert_pageIsIndex)" time="0"/>
  <testcase classname="场景: 成功登陆" name="场景: 成功登陆" time="0.002"/>
  <testcase classname="场景: 注册失败-用户名不存在" name="假如用户处于登陆页面" time="0"/>
  <testcase classname="场景: 注册失败-用户名不存在" name="当用户填写错误的用户名" time="0"/>
  <testcase classname="场景: 注册失败-用户名不存在" name="那么在用户名输入框下方提示该用户名错误" time="0.001"/>
  <testcase classname="场景: 注册失败-用户名不存在" name="场景: 注册失败-用户名不存在" time="0.001"/>
  <testcase classname="场景: 注册失败-密码错误" name="假如用户处于登陆页面" time="0"/>
  <testcase classname="场景: 注册失败-密码错误" name="当用户填写错误的用户名" time="0"/>
  <testcase classname="场景: 注册失败-密码错误" name="那么在密码输入框下方提示密码错误" time="0.002">
    <skipped/>
  </testcase>
  <testcase classname="场景: 注册失败-密码错误" name="场景: 注册失败-密码错误" time="0.003">
    <skipped/>
  </testcase>
  <testcase classname="场景: 注册失败-密码错误" name="场景: 注册失败-密码错误" time="0.003"/>
</testsuite>